Shootthebottle3d/proguard/seeds.txt
com.google.android.gms.internal.hv$a
com.google.android.gms.internal.hy$a
com.google.android.gms.internal.ib
com.google.android.gms.internal.ib$a
com.google.android.gms.internal.ib$b
com.google.android.gms.internal.ie
com.google.android.gms.internal.jh
com.google.android.gms.internal.jk
com.google.android.gms.internal.jm
com.google.android.gms.internal.jo
com.google.android.gms.internal.jq
com.google.android.gms.internal.js
com.google.android.gms.internal.ju
com.google.android.gms.internal.ju: android.os.Parcelable$Creator CREATOR
com.google.android.gms.internal.jw
com.google.android.gms.internal.ka
com.google.android.gms.internal.kn
com.google.android.gms.internal.kp
com.google.android.gms.internal.ks
com.google.android.gms.internal.ks$a
com.google.android.gms.internal.ks$b
com.google.android.gms.internal.ks$b$a
com.google.android.gms.internal.ks$b$b
com.google.android.gms.internal.ks$c
com.google.android.gms.internal.ks$d
com.google.android.gms.internal.ks$f
com.google.android.gms.internal.ks$g
com.google.android.gms.internal.ks$h
com.google.android.gms.internal.lg
com.google.android.gms.internal.lg: android.os.Parcelable$Creator CREATOR
com.google.android.gms.internal.li
com.google.android.gms.internal.li: android.os.Parcelable$Creator CREATOR
com.google.android.gms.internal.v
com.google.android.gms.location.ActivityRecognitionResult
com.google.android.gms.location.DetectedActivity
com.google.android.gms.location.LocationRequest
com.google.android.gms.location.b
com.google.android.gms.maps.GoogleMapOptions
com.google.android.gms.maps.MapView: com.google.android.gms.maps.GoogleMap getMap()
com.google.android.gms.maps.StreetViewPanoramaOptions
com.google.android.gms.maps.StreetViewPanoramaView: com.google.android.gms.maps.StreetViewPanorama getStreetViewPanorama()
com.google.android.gms.maps.model.CameraPosition
com.google.android.gms.maps.model.CircleOptions
com.google.android.gms.maps.model.GroundOverlayOptions
com.google.android.gms.maps.model.LatLng
com.google.android.gms.maps.model.LatLngBounds
com.google.android.gms.maps.model.MarkerOptions
com.google.android.gms.maps.model.PolygonOptions
com.google.android.gms.maps.model.PolylineOptions
com.google.android.gms.maps.model.StreetViewPanoramaCamera
com.google.android.gms.maps.model.StreetViewPanoramaLink
com.google.android.gms.maps.model.StreetViewPanoramaLocation
com.google.android.gms.maps.model.StreetViewPanoramaOrientation
com.google.android.gms.maps.model.Tile
com.google.android.gms.maps.model.TileOverlayOptions
com.google.android.gms.maps.model.VisibleRegion
com.google.android.gms.plus.PlusOneButton: void setOnPlusOneClickListener(com.google.android.gms.plus.PlusOneButton$OnPlusOneClickListener)
com.google.android.gms.plus.PlusOneButton: void setAnnotation(int)
com.google.android.gms.plus.PlusOneButton: void setSize(int)
com.google.android.gms.plus.internal.PlusCommonExtras
com.google.android.gms.plus.internal.h
com.google.android.gms.tagmanager.az$a: com.google.android.gms.tagmanager.az$a[] values()
com.google.android.gms.tagmanager.az$a: com.google.android.gms.tagmanager.az$a valueOf(java.lang.String)
com.google.android.gms.tagmanager.bg$a: com.google.android.gms.tagmanager.bg$a[] values()
com.google.android.gms.tagmanager.bg$a: com.google.android.gms.tagmanager.bg$a valueOf(java.lang.String)
com.google.android.gms.tagmanager.cd$a: com.google.android.gms.tagmanager.cd$a[] values()
com.google.android.gms.tagmanager.cd$a: com.google.android.gms.tagmanager.cd$a valueOf(java.lang.String)
com.google.android.gms.wallet.Address
com.google.android.gms.wallet.Address: android.os.Parcelable$Creator CREATOR
com.google.android.gms.wallet.Cart
com.google.android.gms.wallet.Cart: android.os.Parcelable$Creator CREATOR
com.google.android.gms.wallet.CountrySpecification
com.google.android.gms.wallet.CountrySpecification: android.os.Parcelable$Creator CREATOR
com.google.android.gms.wallet.FullWallet
com.google.android.gms.wallet.FullWallet: android.os.Parcelable$Creator CREATOR