Shootthebottle3d/proguard/mapping.txt
rajawali.materials.shaders.AShaderBase$RFloat -> a.d.c.o:
    rajawali.materials.shaders.AShaderBase this$0 -> a
rajawali.materials.shaders.AShaderBase$RInt -> a.d.c.p:
    rajawali.materials.shaders.AShaderBase this$0 -> a
rajawali.materials.shaders.AShaderBase$RMat3 -> a.d.c.q:
    rajawali.materials.shaders.AShaderBase this$0 -> a
rajawali.materials.shaders.AShaderBase$RMat4 -> a.d.c.r:
    rajawali.materials.shaders.AShaderBase this$0 -> b
    void setValue$52d32e8b() -> a
rajawali.materials.shaders.AShaderBase$RSampler2D -> a.d.c.s:
    rajawali.materials.shaders.AShaderBase this$0 -> a
rajawali.materials.shaders.AShaderBase$RSamplerCube -> a.d.c.t:
    rajawali.materials.shaders.AShaderBase this$0 -> b
rajawali.materials.shaders.AShaderBase$RSamplerExternalOES -> a.d.c.u:
    rajawali.materials.shaders.AShaderBase this$0 -> b
rajawali.materials.shaders.AShaderBase$RVec2 -> a.d.c.v:
    rajawali.materials.shaders.AShaderBase this$0 -> c
    rajawali.materials.shaders.AShaderBase$ShaderVar xy() -> a
    rajawali.materials.shaders.AShaderBase$ShaderVar x() -> b
    rajawali.materials.shaders.AShaderBase$ShaderVar y() -> c
    rajawali.materials.shaders.AShaderBase$ShaderVar index(int) -> a
rajawali.materials.shaders.AShaderBase$RVec3 -> a.d.c.w:
    rajawali.materials.shaders.AShaderBase this$0 -> d
    rajawali.materials.shaders.AShaderBase$ShaderVar xyz() -> d
    rajawali.materials.shaders.AShaderBase$ShaderVar rgb() -> e
    rajawali.materials.shaders.AShaderBase$ShaderVar r() -> f
    rajawali.materials.shaders.AShaderBase$ShaderVar z() -> g
    void assign(float) -> a
rajawali.materials.shaders.AShaderBase$RVec4 -> a.d.c.x:
    rajawali.materials.shaders.AShaderBase this$0 -> e
    rajawali.materials.shaders.AShaderBase$ShaderVar w() -> h
rajawali.materials.shaders.AShaderBase$ShaderVar -> a.d.c.y:
    java.lang.String mName -> f
    rajawali.materials.shaders.AShaderBase$DataType mDataType -> g
    java.lang.String mValue -> h
    boolean mIsGlobal -> i
    boolean mInitialized -> j
    boolean mIsArray -> k
    int mArraySize -> l
    rajawali.materials.shaders.AShaderBase this$0 -> m
    void setName(java.lang.String) -> a
    java.lang.String getName() -> i
    rajawali.materials.shaders.AShaderBase$DataType getDataType() -> j
    java.lang.String getValue() -> k
    void setValue(java.lang.String) -> b
    rajawali.materials.shaders.AShaderBase$ShaderVar add(rajawali.materials.shaders.AShaderBase$ShaderVar) -> a
    rajawali.materials.shaders.AShaderBase$ShaderVar subtract(rajawali.materials.shaders.AShaderBase$ShaderVar) -> b
    rajawali.materials.shaders.AShaderBase$ShaderVar multiply(rajawali.materials.shaders.AShaderBase$ShaderVar) -> c
    rajawali.materials.shaders.AShaderBase$ShaderVar multiply(float) -> b
    rajawali.materials.shaders.AShaderBase$ShaderVar divide(rajawali.materials.shaders.AShaderBase$ShaderVar) -> d
    void assign(rajawali.materials.shaders.AShaderBase$ShaderVar) -> e
    void assign(java.lang.String) -> c
    void assign(float) -> a
    void assignAdd(rajawali.materials.shaders.AShaderBase$ShaderVar) -> f
    void assignAdd$133aeb() -> l
    void assignAdd(java.lang.String) -> d
    void assignSubtract$133aeb() -> m